2018-02-08 21:33:44.355  INFO 10444 --- [main] pl.ll.wines.WinesApplication             : Starting WinesApplication on DESKTOP-VOLMA76 with PID 10444 (D:\luk\angular\WineServerSide\wines\wines\target\classes started by arabk in D:\luk\angular\WineServerSide\wines\wines)
2018-02-08 21:33:44.355  INFO 10444 --- [main] pl.ll.wines.WinesApplication             : No active profile set, falling back to default profiles: default
2018-02-08 21:33:44.434  INFO 10444 --- [main] ationConfigEmbeddedWebApplicationContext : Refreshing org.springframework.boot.context.embedded.AnnotationConfigEmbeddedWebApplicationContext@f0f2775: startup date [Thu Feb 08 21:33:44 CET 2018]; root of context hierarchy
2018-02-08 21:33:46.866  INFO 10444 --- [main] trationDelegate$BeanPostProcessorChecker : Bean 'org.springframework.transaction.annotation.ProxyTransactionManagementConfiguration' of type [org.springframework.transaction.annotation.ProxyTransactionManagementConfiguration$$EnhancerBySpringCGLIB$$4b7818fc] is not eligible for getting processed by all BeanPostProcessors (for example: not eligible for auto-proxying)
2018-02-08 21:33:51.662  INFO 10444 --- [main] s.b.c.e.t.TomcatEmbeddedServletContainer : Tomcat initialized with port(s): 8080 (http)
2018-02-08 21:33:51.747  INFO 10444 --- [main] o.apache.catalina.core.StandardService   : Starting service [Tomcat]
2018-02-08 21:33:51.747  INFO 10444 --- [main] org.apache.catalina.core.StandardEngine  : Starting Servlet Engine: Apache Tomcat/8.5.27
2018-02-08 21:33:52.448  INFO 10444 --- [localhost-startStop-1] o.a.c.c.C.[Tomcat].[localhost].[/]       : Initializing Spring embedded WebApplicationContext
2018-02-08 21:33:52.448  INFO 10444 --- [localhost-startStop-1] o.s.web.context.ContextLoader            : Root WebApplicationContext: initialization completed in 8014 ms
2018-02-08 21:33:52.833  INFO 10444 --- [localhost-startStop-1] o.s.b.w.servlet.ServletRegistrationBean  : Mapping servlet: 'dispatcherServlet' to [/]
2018-02-08 21:33:52.833  INFO 10444 --- [localhost-startStop-1] o.s.b.w.servlet.FilterRegistrationBean   : Mapping filter: 'characterEncodingFilter' to: [/*]
2018-02-08 21:33:52.849  INFO 10444 --- [localhost-startStop-1] o.s.b.w.servlet.FilterRegistrationBean   : Mapping filter: 'hiddenHttpMethodFilter' to: [/*]
2018-02-08 21:33:52.849  INFO 10444 --- [localhost-startStop-1] o.s.b.w.servlet.FilterRegistrationBean   : Mapping filter: 'httpPutFormContentFilter' to: [/*]
2018-02-08 21:33:52.849  INFO 10444 --- [localhost-startStop-1] o.s.b.w.servlet.FilterRegistrationBean   : Mapping filter: 'requestContextFilter' to: [/*]
2018-02-08 21:34:00.746  INFO 10444 --- [main] j.LocalContainerEntityManagerFactoryBean : Building JPA container EntityManagerFactory for persistence unit 'default'
2018-02-08 21:34:00.778  INFO 10444 --- [main] o.hibernate.jpa.internal.util.LogHelper  : HHH000204: Processing PersistenceUnitInfo [
	name: default
	...]
2018-02-08 21:34:00.962  INFO 10444 --- [main] org.hibernate.Version                    : HHH000412: Hibernate Core {5.0.12.Final}
2018-02-08 21:34:00.962  INFO 10444 --- [main] org.hibernate.cfg.Environment            : HHH000206: hibernate.properties not found
2018-02-08 21:34:00.962  INFO 10444 --- [main] org.hibernate.cfg.Environment            : HHH000021: Bytecode provider name : javassist
2018-02-08 21:34:01.100  INFO 10444 --- [main] o.hibernate.annotations.common.Version   : HCANN000001: Hibernate Commons Annotations {5.0.1.Final}
2018-02-08 21:34:01.780  INFO 10444 --- [main] org.hibernate.dialect.Dialect            : HHH000400: Using dialect: org.hibernate.dialect.MySQL5Dialect
2018-02-08 21:34:02.503  INFO 10444 --- [main] j.LocalContainerEntityManagerFactoryBean : Initialized JPA EntityManagerFactory for persistence unit 'default'
2018-02-08 21:34:03.436  INFO 10444 --- [main] s.w.s.m.m.a.RequestMappingHandlerAdapter : Looking for @ControllerAdvice: org.springframework.boot.context.embedded.AnnotationConfigEmbeddedWebApplicationContext@f0f2775: startup date [Thu Feb 08 21:33:44 CET 2018]; root of context hierarchy
2018-02-08 21:34:03.585  INFO 10444 --- [main] s.w.s.m.m.a.RequestMappingHandlerMapping : Mapped "{[/api/wine],methods=[POST]}" onto public void pl.ll.wines.api.WinesRESTController.saveWine(pl.ll.wines.model.Wine) throws java.lang.IllegalAccessException
2018-02-08 21:34:03.588  INFO 10444 --- [main] s.w.s.m.m.a.RequestMappingHandlerMapping : Mapped "{[/api/wines],methods=[GET]}" onto public java.util.List<pl.ll.wines.model.Wine> pl.ll.wines.api.WinesRESTController.getAllWines()
2018-02-08 21:34:03.592  INFO 10444 --- [main] s.w.s.m.m.a.RequestMappingHandlerMapping : Mapped "{[/error]}" onto public org.springframework.http.ResponseEntity<java.util.Map<java.lang.String, java.lang.Object>> org.springframework.boot.autoconfigure.web.BasicErrorController.error(javax.servlet.http.HttpServletRequest)
2018-02-08 21:34:03.593  INFO 10444 --- [main] s.w.s.m.m.a.RequestMappingHandlerMapping : Mapped "{[/error],produces=[text/html]}" onto public org.springframework.web.servlet.ModelAndView org.springframework.boot.autoconfigure.web.BasicErrorController.errorHtml(javax.servlet.http.HttpServletRequest,javax.servlet.http.HttpServletResponse)
2018-02-08 21:34:03.645  INFO 10444 --- [main] o.s.w.s.handler.SimpleUrlHandlerMapping  : Mapped URL path [/webjars/**] onto handler of type [class org.springframework.web.servlet.resource.ResourceHttpRequestHandler]
2018-02-08 21:34:03.646  INFO 10444 --- [main] o.s.w.s.handler.SimpleUrlHandlerMapping  : Mapped URL path [/**] onto handler of type [class org.springframework.web.servlet.resource.ResourceHttpRequestHandler]
2018-02-08 21:34:03.719  INFO 10444 --- [main] o.s.w.s.handler.SimpleUrlHandlerMapping  : Mapped URL path [/**/favicon.ico] onto handler of type [class org.springframework.web.servlet.resource.ResourceHttpRequestHandler]
2018-02-08 21:34:04.149  INFO 10444 --- [main] o.s.j.e.a.AnnotationMBeanExporter        : Registering beans for JMX exposure on startup
2018-02-08 21:34:04.259  INFO 10444 --- [main] s.b.c.e.t.TomcatEmbeddedServletContainer : Tomcat started on port(s): 8080 (http)
2018-02-08 21:34:04.265  INFO 10444 --- [main] pl.ll.wines.WinesApplication             : Started WinesApplication in 20.678 seconds (JVM running for 21.572)
2018-02-08 21:34:27.519  INFO 10444 --- [http-nio-8080-exec-1] o.a.c.c.C.[Tomcat].[localhost].[/]       : Initializing Spring FrameworkServlet 'dispatcherServlet'
2018-02-08 21:34:27.520  INFO 10444 --- [http-nio-8080-exec-1] o.s.web.servlet.DispatcherServlet        : FrameworkServlet 'dispatcherServlet': initialization started
2018-02-08 21:34:27.601  INFO 10444 --- [http-nio-8080-exec-1] o.s.web.servlet.DispatcherServlet        : FrameworkServlet 'dispatcherServlet': initialization completed in 80 ms
2018-02-08 21:34:27.693  INFO 10444 --- [http-nio-8080-exec-1] pl.ll.wines.api.WinesRESTController      : Full wine list requested
2018-02-08 21:34:28.058  INFO 10444 --- [http-nio-8080-exec-1] o.h.h.i.QueryTranslatorFactoryInitiator  : HHH000397: Using ASTQueryTranslatorFactory
2018-02-08 21:35:48.299  INFO 10444 --- [http-nio-8080-exec-3] pl.ll.wines.api.WinesRESTController      : New wine addedWine{id=null, name='alal', colour='cdc', sweetness='semisweet', producer='al', region='2', variety='222', vintage=222, price=9.0, description='dvdvd d', alcohol=22, image='default-wine'}
2018-02-08 21:41:23.068  INFO 10444 --- [http-nio-8080-exec-5] pl.ll.wines.api.WinesRESTController      : Full wine list requested
2018-02-08 21:50:49.057  INFO 10444 --- [http-nio-8080-exec-6] pl.ll.wines.api.WinesRESTController      : Full wine list requested
2018-02-08 21:58:32.291  INFO 10444 --- [http-nio-8080-exec-7] pl.ll.wines.api.WinesRESTController      : Full wine list requested
2018-02-08 22:12:23.395  INFO 10444 --- [http-nio-8080-exec-8] pl.ll.wines.api.WinesRESTController      : Full wine list requested
2018-02-08 22:30:38.751  INFO 10444 --- [http-nio-8080-exec-9] pl.ll.wines.api.WinesRESTController      : Full wine list requested
2018-02-08 22:31:48.986  INFO 10444 --- [http-nio-8080-exec-10] pl.ll.wines.api.WinesRESTController      : Full wine list requested
2018-02-08 22:33:02.221  INFO 10444 --- [http-nio-8080-exec-1] pl.ll.wines.api.WinesRESTController      : Full wine list requested
2018-02-08 22:33:28.171  INFO 10444 --- [http-nio-8080-exec-2] pl.ll.wines.api.WinesRESTController      : Full wine list requested
2018-02-08 22:33:40.557  INFO 10444 --- [http-nio-8080-exec-3] pl.ll.wines.api.WinesRESTController      : Full wine list requested
2018-02-08 22:33:55.651  INFO 10444 --- [http-nio-8080-exec-4] pl.ll.wines.api.WinesRESTController      : Full wine list requested
2018-02-08 22:34:31.368  INFO 10444 --- [http-nio-8080-exec-5] pl.ll.wines.api.WinesRESTController      : Full wine list requested
2018-02-08 22:35:31.807  INFO 10444 --- [http-nio-8080-exec-7] pl.ll.wines.api.WinesRESTController      : New wine addedWine{id=null, name='koy', colour='kjjk', sweetness='semisweet', producer='ju', region='kbjk', variety='jhvhj', vintage=777, price=77.0, description='dkfbdfjkbndfkjn ', alcohol=77, image='default-wine'}
2018-02-08 23:09:28.782  INFO 10444 --- [http-nio-8080-exec-9] pl.ll.wines.api.WinesRESTController      : Full wine list requested
